[01m[K/home/myrobot/catkin_ws/src/myworkcell_core/src/vision_node.cpp:2:22:[m[K [01;35m[Kwarning: [m[Kextra tokens at end of #include directive
 #include <ros/ros.h> [01;35m[Kinclude[m[K <fake_ar_publisher/ARMarker.h>
                      [01;35m[K^~~~~~~[m[K
[01m[K/home/myrobot/catkin_ws/src/myworkcell_core/src/vision_node.cpp:9:31:[m[K [01;31m[Kerror: [m[K‘[01m[Kfake_ar_publisher[m[K’ does not name a type
     void visionCallback(const [01;31m[Kfake_ar_publisher[m[K::ARMarkerConstPtr& msg)
                               [01;31m[K^~~~~~~~~~~~~~~~~[m[K
[01m[K/home/myrobot/catkin_ws/src/myworkcell_core/src/vision_node.cpp:9:66:[m[K [01;31m[Kerror: [m[Kexpected unqualified-id before ‘[01m[K&[m[K’ token
     void visionCallback(const fake_ar_publisher::ARMarkerConstPtr[01;31m[K&[m[K msg)
                                                                  [01;31m[K^[m[K
[01m[K/home/myrobot/catkin_ws/src/myworkcell_core/src/vision_node.cpp:9:66:[m[K [01;31m[Kerror: [m[Kexpected ‘[01m[K)[m[K’ before ‘[01m[K&[m[K’ token
[01m[K/home/myrobot/catkin_ws/src/myworkcell_core/src/vision_node.cpp:9:66:[m[K [01;31m[Kerror: [m[Kexpected ‘[01m[K;[m[K’ at end of member declaration
[01m[K/home/myrobot/catkin_ws/src/myworkcell_core/src/vision_node.cpp:9:68:[m[K [01;31m[Kerror: [m[K‘[01m[Kmsg[m[K’ does not name a type
     void visionCallback(const fake_ar_publisher::ARMarkerConstPtr& [01;31m[Kmsg[m[K)
                                                                    [01;31m[K^~~[m[K
[01m[K/home/myrobot/catkin_ws/src/myworkcell_core/src/vision_node.cpp:15:5:[m[K [01;31m[Kerror: [m[K‘[01m[Kfake_ar_publisher[m[K’ does not name a type
     [01;31m[Kfake_ar_publisher[m[K::ARMarkerConstPtr last_msg_;
     [01;31m[K^~~~~~~~~~~~~~~~~[m[K
[01m[K/home/myrobot/catkin_ws/src/myworkcell_core/src/vision_node.cpp:[m[K In constructor ‘[01m[KLocalizer::Localizer(ros::NodeHandle&)[m[K’:
[01m[K/home/myrobot/catkin_ws/src/myworkcell_core/src/vision_node.cpp:6:32:[m[K [01;31m[Kerror: [m[K‘[01m[Kfake_ar_publisher[m[K’ was not declared in this scope
         ar_sub_ = nh.subscribe<[01;31m[Kfake_ar_publisher[m[K::ARMarker>("ar_pose_marker", 1,
                                [01;31m[K^~~~~~~~~~~~~~~~~[m[K
[01m[K/home/myrobot/catkin_ws/src/myworkcell_core/src/vision_node.cpp:6:22:[m[K [01;31m[Kerror: [m[Kparse error in template argument list
         ar_sub_ = nh.[01;31m[Ksubscribe<fake_ar_publisher::ARMarker>[m[K("ar_pose_marker", 1,
                      [01;31m[K^~~~~~~~~~~~~~~~~~~~~~~~~~~~~~~~~~~~~~[m[K
[01m[K/home/myrobot/catkin_ws/src/myworkcell_core/src/vision_node.cpp:7:41:[m[K [01;31m[Kerror: [m[Kno matching function for call to ‘[01m[Kros::NodeHandle::subscribe<<expression error> >(const char [15], int, void (Localizer::*)(...) &, Localizer*)[m[K’
         &Localizer::visionCallback, this[01;31m[K)[m[K;
                                         [01;31m[K^[m[K
In file included from [01m[K/opt/ros/melodic/include/ros/ros.h:45:0[m[K,
                 from [01m[K/home/myrobot/catkin_ws/src/myworkcell_core/src/vision_node.cpp:2[m[K:
[01m[K/opt/ros/melodic/include/ros/node_handle.h:402:14:[m[K [01;36m[Knote: [m[Kcandidate: template<class M, class T> ros::Subscriber ros::NodeHandle::subscribe(const string&, uint32_t, void (T::*)(M), T*, const ros::TransportHints&)
   Subscriber [01;36m[Ksubscribe[m[K(const std::string& topic, uint32_t queue_size, void(T::*fp)(M), T* obj,
              [01;36m[K^~~~~~~~~[m[K
[01m[K/opt/ros/melodic/include/ros/node_handle.h:402:14:[m[K [01;36m[Knote: [m[K  template argument deduction/substitution failed:
[01m[K/home/myrobot/catkin_ws/src/myworkcell_core/src/vision_node.cpp:7:41:[m[K [01;31m[Kerror: [m[Ktemplate argument 1 is invalid
         &Localizer::visionCallback, this[01;31m[K)[m[K;
                                         [01;31m[K^[m[K
In file included from [01m[K/opt/ros/melodic/include/ros/ros.h:45:0[m[K,
                 from [01m[K/home/myrobot/catkin_ws/src/myworkcell_core/src/vision_node.cpp:2[m[K:
[01m[K/opt/ros/melodic/include/ros/node_handle.h:413:14:[m[K [01;36m[Knote: [m[Kcandidate: template<class M, class T> ros::Subscriber ros::NodeHandle::subscribe(const string&, uint32_t, void (T::*)(M) const, T*, const ros::TransportHints&)
   Subscriber [01;36m[Ksubscribe[m[K(const std::string& topic, uint32_t queue_size, void(T::*fp)(M) const, T* obj,
              [01;36m[K^~~~~~~~~[m[K
[01m[K/opt/ros/melodic/include/ros/node_handle.h:413:14:[m[K [01;36m[Knote: [m[K  template argument deduction/substitution failed:
[01m[K/home/myrobot/catkin_ws/src/myworkcell_core/src/vision_node.cpp:7:41:[m[K [01;31m[Kerror: [m[Ktemplate argument 1 is invalid
         &Localizer::visionCallback, this[01;31m[K)[m[K;
                                         [01;31m[K^[m[K
In file included from [01m[K/opt/ros/melodic/include/ros/ros.h:45:0[m[K,
                 from [01m[K/home/myrobot/catkin_ws/src/myworkcell_core/src/vision_node.cpp:2[m[K:
[01m[K/opt/ros/melodic/include/ros/node_handle.h:465:14:[m[K [01;36m[Knote: [m[Kcandidate: template<class M, class T> ros::Subscriber ros::NodeHandle::subscribe(const string&, uint32_t, void (T::*)(const boost::shared_ptr<const M>&), T*, const ros::TransportHints&)
   Subscriber [01;36m[Ksubscribe[m[K(const std::string& topic, uint32_t queue_size,
              [01;36m[K^~~~~~~~~[m[K
[01m[K/opt/ros/melodic/include/ros/node_handle.h:465:14:[m[K [01;36m[Knote: [m[K  template argument deduction/substitution failed:
[01m[K/home/myrobot/catkin_ws/src/myworkcell_core/src/vision_node.cpp:7:41:[m[K [01;31m[Kerror: [m[Ktemplate argument 1 is invalid
         &Localizer::visionCallback, this[01;31m[K)[m[K;
                                         [01;31m[K^[m[K
In file included from [01m[K/opt/ros/melodic/include/ros/ros.h:45:0[m[K,
                 from [01m[K/home/myrobot/catkin_ws/src/myworkcell_core/src/vision_node.cpp:2[m[K:
[01m[K/opt/ros/melodic/include/ros/node_handle.h:475:14:[m[K [01;36m[Knote: [m[Kcandidate: template<class M, class T> ros::Subscriber ros::NodeHandle::subscribe(const string&, uint32_t, void (T::*)(const boost::shared_ptr<const M>&) const, T*, const ros::TransportHints&)
   Subscriber [01;36m[Ksubscribe[m[K(const std::string& topic, uint32_t queue_size,
              [01;36m[K^~~~~~~~~[m[K
[01m[K/opt/ros/melodic/include/ros/node_handle.h:475:14:[m[K [01;36m[Knote: [m[K  template argument deduction/substitution failed:
[01m[K/home/myrobot/catkin_ws/src/myworkcell_core/src/vision_node.cpp:7:41:[m[K [01;31m[Kerror: [m[Ktemplate argument 1 is invalid
         &Localizer::visionCallback, this[01;31m[K)[m[K;
                                         [01;31m[K^[m[K
In file included from [01m[K/opt/ros/melodic/include/ros/ros.h:45:0[m[K,
                 from [01m[K/home/myrobot/catkin_ws/src/myworkcell_core/src/vision_node.cpp:2[m[K:
[01m[K/opt/ros/melodic/include/ros/node_handle.h:529:14:[m[K [01;36m[Knote: [m[Kcandidate: template<class M, class T> ros::Subscriber ros::NodeHandle::subscribe(const string&, uint32_t, void (T::*)(M), const boost::shared_ptr<U>&, const ros::TransportHints&)
   Subscriber [01;36m[Ksubscribe[m[K(const std::string& topic, uint32_t queue_size, void(T::*fp)(M),
              [01;36m[K^~~~~~~~~[m[K
[01m[K/opt/ros/melodic/include/ros/node_handle.h:529:14:[m[K [01;36m[Knote: [m[K  template argument deduction/substitution failed:
[01m[K/home/myrobot/catkin_ws/src/myworkcell_core/src/vision_node.cpp:7:41:[m[K [01;31m[Kerror: [m[Ktemplate argument 1 is invalid
         &Localizer::visionCallback, this[01;31m[K)[m[K;
                                         [01;31m[K^[m[K
In file included from [01m[K/opt/ros/melodic/include/ros/ros.h:45:0[m[K,
                 from [01m[K/home/myrobot/catkin_ws/src/myworkcell_core/src/vision_node.cpp:2[m[K:
[01m[K/opt/ros/melodic/include/ros/node_handle.h:540:14:[m[K [01;36m[Knote: [m[Kcandidate: template<class M, class T> ros::Subscriber ros::NodeHandle::subscribe(const string&, uint32_t, void (T::*)(M) const, const boost::shared_ptr<U>&, const ros::TransportHints&)
   Subscriber [01;36m[Ksubscribe[m[K(const std::string& topic, uint32_t queue_size, void(T::*fp)(M) const,
              [01;36m[K^~~~~~~~~[m[K
[01m[K/opt/ros/melodic/include/ros/node_handle.h:540:14:[m[K [01;36m[Knote: [m[K  template argument deduction/substitution failed:
[01m[K/home/myrobot/catkin_ws/src/myworkcell_core/src/vision_node.cpp:7:41:[m[K [01;31m[Kerror: [m[Ktemplate argument 1 is invalid
         &Localizer::visionCallback, this[01;31m[K)[m[K;
                                         [01;31m[K^[m[K
In file included from [01m[K/opt/ros/melodic/include/ros/ros.h:45:0[m[K,
                 from [01m[K/home/myrobot/catkin_ws/src/myworkcell_core/src/vision_node.cpp:2[m[K:
[01m[K/opt/ros/melodic/include/ros/node_handle.h:594:14:[m[K [01;36m[Knote: [m[Kcandidate: template<class M, class T> ros::Subscriber ros::NodeHandle::subscribe(const string&, uint32_t, void (T::*)(const boost::shared_ptr<const M>&), const boost::shared_ptr<U>&, const ros::TransportHints&)
   Subscriber [01;36m[Ksubscribe[m[K(const std::string& topic, uint32_t queue_size,
              [01;36m[K^~~~~~~~~[m[K
[01m[K/opt/ros/melodic/include/ros/node_handle.h:594:14:[m[K [01;36m[Knote: [m[K  template argument deduction/substitution failed:
[01m[K/home/myrobot/catkin_ws/src/myworkcell_core/src/vision_node.cpp:7:41:[m[K [01;31m[Kerror: [m[Ktemplate argument 1 is invalid
         &Localizer::visionCallback, this[01;31m[K)[m[K;
                                         [01;31m[K^[m[K
In file included from [01m[K/opt/ros/melodic/include/ros/ros.h:45:0[m[K,
                 from [01m[K/home/myrobot/catkin_ws/src/myworkcell_core/src/vision_node.cpp:2[m[K:
[01m[K/opt/ros/melodic/include/ros/node_handle.h:605:14:[m[K [01;36m[Knote: [m[Kcandidate: template<class M, class T> ros::Subscriber ros::NodeHandle::subscribe(const string&, uint32_t, void (T::*)(const boost::shared_ptr<const M>&) const, const boost::shared_ptr<U>&, const ros::TransportHints&)
   Subscriber [01;36m[Ksubscribe[m[K(const std::string& topic, uint32_t queue_size,
              [01;36m[K^~~~~~~~~[m[K
[01m[K/opt/ros/melodic/include/ros/node_handle.h:605:14:[m[K [01;36m[Knote: [m[K  template argument deduction/substitution failed:
[01m[K/home/myrobot/catkin_ws/src/myworkcell_core/src/vision_node.cpp:7:41:[m[K [01;31m[Kerror: [m[Ktemplate argument 1 is invalid
         &Localizer::visionCallback, this[01;31m[K)[m[K;
                                         [01;31m[K^[m[K
In file included from [01m[K/opt/ros/melodic/include/ros/ros.h:45:0[m[K,
                 from [01m[K/home/myrobot/catkin_ws/src/myworkcell_core/src/vision_node.cpp:2[m[K:
[01m[K/opt/ros/melodic/include/ros/node_handle.h:656:14:[m[K [01;36m[Knote: [m[Kcandidate: template<class M> ros::Subscriber ros::NodeHandle::subscribe(const string&, uint32_t, void (*)(M), const ros::TransportHints&)
   Subscriber [01;36m[Ksubscribe[m[K(const std::string& topic, uint32_t queue_size, void(*fp)(M), const TransportHints& transport_hints = TransportHints())
              [01;36m[K^~~~~~~~~[m[K
[01m[K/opt/ros/melodic/include/ros/node_handle.h:656:14:[m[K [01;36m[Knote: [m[K  template argument deduction/substitution failed:
[01m[K/home/myrobot/catkin_ws/src/myworkcell_core/src/vision_node.cpp:7:41:[m[K [01;31m[Kerror: [m[Ktemplate argument 1 is invalid
         &Localizer::visionCallback, this[01;31m[K)[m[K;
                                         [01;31m[K^[m[K
In file included from [01m[K/opt/ros/melodic/include/ros/ros.h:45:0[m[K,
                 from [01m[K/home/myrobot/catkin_ws/src/myworkcell_core/src/vision_node.cpp:2[m[K:
[01m[K/opt/ros/melodic/include/ros/node_handle.h:704:14:[m[K [01;36m[Knote: [m[Kcandidate: template<class M> ros::Subscriber ros::NodeHandle::subscribe(const string&, uint32_t, void (*)(const boost::shared_ptr<const M>&), const ros::TransportHints&)
   Subscriber [01;36m[Ksubscribe[m[K(const std::string& topic, uint32_t queue_size, void(*fp)(const boost::shared_ptr<M const>&), const TransportHints& transport_hints = TransportHints())
              [01;36m[K^~~~~~~~~[m[K
[01m[K/opt/ros/melodic/include/ros/node_handle.h:704:14:[m[K [01;36m[Knote: [m[K  template argument deduction/substitution failed:
[01m[K/home/myrobot/catkin_ws/src/myworkcell_core/src/vision_node.cpp:7:41:[m[K [01;31m[Kerror: [m[Ktemplate argument 1 is invalid
         &Localizer::visionCallback, this[01;31m[K)[m[K;
                                         [01;31m[K^[m[K
In file included from [01m[K/opt/ros/melodic/include/ros/ros.h:45:0[m[K,
                 from [01m[K/home/myrobot/catkin_ws/src/myworkcell_core/src/vision_node.cpp:2[m[K:
[01m[K/opt/ros/melodic/include/ros/node_handle.h:750:14:[m[K [01;36m[Knote: [m[Kcandidate: template<class M> ros::Subscriber ros::NodeHandle::subscribe(const string&, uint32_t, const boost::function<void(const boost::shared_ptr<const M>&)>&, const VoidConstPtr&, const ros::TransportHints&)
   Subscriber [01;36m[Ksubscribe[m[K(const std::string& topic, uint32_t queue_size, const boost::function<void (const boost::shared_ptr<M const>&)>& callback,
              [01;36m[K^~~~~~~~~[m[K
[01m[K/opt/ros/melodic/include/ros/node_handle.h:750:14:[m[K [01;36m[Knote: [m[K  template argument deduction/substitution failed:
[01m[K/home/myrobot/catkin_ws/src/myworkcell_core/src/vision_node.cpp:7:41:[m[K [01;31m[Kerror: [m[Ktemplate argument 1 is invalid
         &Localizer::visionCallback, this[01;31m[K)[m[K;
                                         [01;31m[K^[m[K
In file included from [01m[K/opt/ros/melodic/include/ros/ros.h:45:0[m[K,
                 from [01m[K/home/myrobot/catkin_ws/src/myworkcell_core/src/vision_node.cpp:2[m[K:
[01m[K/opt/ros/melodic/include/ros/node_handle.h:799:14:[m[K [01;36m[Knote: [m[Kcandidate: template<class M, class C> ros::Subscriber ros::NodeHandle::subscribe(const string&, uint32_t, const boost::function<void(C)>&, const VoidConstPtr&, const ros::TransportHints&)
   Subscriber [01;36m[Ksubscribe[m[K(const std::string& topic, uint32_t queue_size, const boost::function<void (C)>& callback,
              [01;36m[K^~~~~~~~~[m[K
[01m[K/opt/ros/melodic/include/ros/node_handle.h:799:14:[m[K [01;36m[Knote: [m[K  template argument deduction/substitution failed:
[01m[K/home/myrobot/catkin_ws/src/myworkcell_core/src/vision_node.cpp:7:41:[m[K [01;31m[Kerror: [m[Ktemplate argument 1 is invalid
         &Localizer::visionCallback, this[01;31m[K)[m[K;
                                         [01;31m[K^[m[K
make[2]: *** [CMakeFiles/vision_node.dir/src/vision_node.cpp.o] Error 1
make[1]: *** [CMakeFiles/vision_node.dir/all] Error 2
make: *** [all] Error 2
